#
# There is insufficient memory for the Java Runtime Environment to continue.
# Native memory allocation (mmap) failed to map 134217728 bytes for Failed to commit area from 0x0000000081a00000 to 0x0000000089a00000 of length 134217728.
# Possible reasons:
#   The system is out of physical RAM or swap space
#   The process is running with CompressedOops enabled, and the Java Heap may be blocking the growth of the native heap
# Possible solutions:
#   Reduce memory load on the system
#   Increase physical memory or swap space
#   Check if swap backing store is full
#   Decrease Java heap size (-Xmx/-Xms)
#   Decrease number of Java threads
#   Decrease Java thread stack sizes (-Xss)
#   Set larger code cache with -XX:ReservedCodeCacheSize=
# This output file may be truncated or incomplete.
#
#  Out of Memory Error (t:/workspace/open/src/hotspot/os/windows/os_windows.cpp:3269), pid=228, tid=12528
#
# JRE version:  (11.0.3+12) (build )
# Java VM: Java HotSpot(TM) 64-Bit Server VM (11.0.3+12-LTS, mixed mode, aot, sharing, tiered, compressed oops, g1 gc, windows-amd64)
# No core dump will be written. Minidumps are not enabled by default on client versions of Windows
#

---------------  S U M M A R Y ------------

Command Line: -Dfile.encoding=Cp1252 course.Program

Host: Intel(R) Core(TM) i5-7200U CPU @ 2.50GHz, 4 cores, 7G,  Windows 10 , 64 bit Build 17134 (10.0.17134.753)
Time: Wed Jul 24 19:43:44 2019 Hora oficial do Brasil elapsed time: 0 seconds (0d 0h 0m 0s)

---------------  T H R E A D  ---------------

Current thread (0x0000022554986800):  JavaThread "Unknown thread" [_thread_in_vm, id=12528, stack(0x000000b22b600000,0x000000b22b700000)]

Stack: [0x000000b22b600000,0x000000b22b700000]
Native frames: (J=compiled Java code, j=interpreted, Vv=VM code, C=native code)
V  [jvm.dll+0x63582a]
V  [jvm.dll+0x77360f]
V  [jvm.dll+0x774cba]
V  [jvm.dll+0x775373]
V  [jvm.dll+0x25e9c8]
V  [jvm.dll+0x632cba]
V  [jvm.dll+0x627715]
V  [jvm.dll+0x31523c]
V  [jvm.dll+0x3150c2]
V  [jvm.dll+0x31a936]
V  [jvm.dll+0x36667f]
V  [jvm.dll+0x3660a0]
V  [jvm.dll+0x2f1da8]
V  [jvm.dll+0x2f2f06]
V  [jvm.dll+0x74c867]
V  [jvm.dll+0x74dfaf]
V  [jvm.dll+0x3734b9]
V  [jvm.dll+0x732f09]
V  [jvm.dll+0x3e291d]
V  [jvm.dll+0x3e4cb1]
C  [javaw.exe+0x3617]
C  [javaw.exe+0x17e2c]
C  [KERNEL32.DLL+0x14034]
C  [ntdll.dll+0x73691]


---------------  P R O C E S S  ---------------

Threads class SMR info:
_java_thread_list=0x0000022552715560, length=0, elements={
}

Java Threads: ( => current thread )

Other Threads:
  0x00000225527ec000 GCTaskThread "GC Thread#0" [stack: 0x000000b22b700000,0x000000b22b800000] [id=1484]
  0x00000225549c8000 ConcurrentGCThread "G1 Main Marker" [stack: 0x000000b22b800000,0x000000b22b900000] [id=8684]
  0x00000225549c9800 ConcurrentGCThread "G1 Conc#0" [stack: 0x000000b22b900000,0x000000b22ba00000] [id=2996]

[error occurred during error reporting (printing all threads), id 0xc0000005, EXCEPTION_ACCESS_VIOLATION (0xc0000005) at pc=0x00007ffe6cc10497]

VM state:not at safepoint (not fully initialized)

VM Mutex/Monitor currently owned by a thread:  ([mutex/lock_event])
[0x0000022554985cc0] Heap_lock - owner thread: 0x0000022554986800

Heap address: 0x0000000081a00000, size: 2022 MB, Compressed Oops mode: Non-zero based: 0x0000000081a00000
Narrow klass base: 0x0000000000000000, Narrow klass shift: 0

GC Heap History (0 events):
No events

Deoptimization events (0 events):
No events

Classes redefined (0 events):
No events

Internal exceptions (0 events):
No events

Events (0 events):
No events


Dynamic libraries:
0x00007ff7c1f50000 - 0x00007ff7c1f97000 	C:\Program Files\Java\jdk-11.0.3\bin\javaw.exe
0x00007ffec3040000 - 0x00007ffec3221000 	C:\WINDOWS\SYSTEM32\ntdll.dll
0x00007ffec1060000 - 0x00007ffec1111000 	C:\WINDOWS\System32\KERNEL32.DLL
0x00007ffebfd40000 - 0x00007ffebffb3000 	C:\WINDOWS\System32\KERNELBASE.dll
0x00007ffec0ce0000 - 0x00007ffec0d81000 	C:\WINDOWS\System32\ADVAPI32.dll
0x00007ffec14d0000 - 0x00007ffec156e000 	C:\WINDOWS\System32\msvcrt.dll
0x00007ffec1000000 - 0x00007ffec105b000 	C:\WINDOWS\System32\sechost.dll
0x00007ffec0a20000 - 0x00007ffec0b44000 	C:\WINDOWS\System32\RPCRT4.dll
0x00007ffec0b50000 - 0x00007ffec0ce0000 	C:\WINDOWS\System32\USER32.dll
0x00007ffebfd20000 - 0x00007ffebfd40000 	C:\WINDOWS\System32\win32u.dll
0x00007ffec04d0000 - 0x00007ffec04f8000 	C:\WINDOWS\System32\GDI32.dll
0x00007ffebfb80000 - 0x00007ffebfd11000 	C:\WINDOWS\System32\gdi32full.dll
0x00007ffec0330000 - 0x00007ffec03cf000 	C:\WINDOWS\System32\msvcp_win.dll
0x00007ffec03d0000 - 0x00007ffec04c8000 	C:\WINDOWS\System32\ucrtbase.dll
0x00007ffea9cc0000 - 0x00007ffea9f29000 	C:\WINDOWS\WinSxS\amd64_microsoft.windows.common-controls_6595b64144ccf1df_6.0.17134.885_none_fb42a3473065565f\COMCTL32.dll
0x00007ffec1180000 - 0x00007ffec14a2000 	C:\WINDOWS\System32\combase.dll
0x00007ffec0010000 - 0x00007ffec0089000 	C:\WINDOWS\System32\bcryptPrimitives.dll
0x00007ffeb3ba0000 - 0x00007ffeb3baa000 	C:\WINDOWS\SYSTEM32\VERSION.dll
0x00007ffec0ea0000 - 0x00007ffec0ecd000 	C:\WINDOWS\System32\IMM32.DLL
0x00007ffebc040000 - 0x00007ffebc056000 	C:\Program Files\Java\jdk-11.0.3\bin\vcruntime140.dll
0x00007ffea1ec0000 - 0x00007ffea1f6a000 	C:\Program Files\Java\jdk-11.0.3\bin\msvcp140.dll
0x00007ffe6c910000 - 0x00007ffe6d437000 	C:\Program Files\Java\jdk-11.0.3\bin\server\jvm.dll
0x00007ffec0d90000 - 0x00007ffec0d98000 	C:\WINDOWS\System32\PSAPI.DLL
0x00007ffeb4370000 - 0x00007ffeb4379000 	C:\WINDOWS\SYSTEM32\WSOCK32.dll
0x00007ffec2c80000 - 0x00007ffec2cec000 	C:\WINDOWS\System32\WS2_32.dll
0x00007ffebd7e0000 - 0x00007ffebd803000 	C:\WINDOWS\SYSTEM32\WINMM.dll
0x00007ffebd7b0000 - 0x00007ffebd7da000 	C:\WINDOWS\SYSTEM32\WINMMBASE.dll
0x00007ffebffc0000 - 0x00007ffec0009000 	C:\WINDOWS\System32\cfgmgr32.dll
0x00007ffebf3f0000 - 0x00007ffebf401000 	C:\WINDOWS\System32\kernel.appcore.dll
0x00007ffeba570000 - 0x00007ffeba581000 	C:\Program Files\Java\jdk-11.0.3\bin\verify.dll
0x00007ffeb32d0000 - 0x00007ffeb3499000 	C:\WINDOWS\SYSTEM32\DBGHELP.DLL
0x00007ffeb3630000 - 0x00007ffeb3659000 	C:\WINDOWS\SYSTEM32\dbgcore.DLL
0x00007ffea1fd0000 - 0x00007ffea1ff9000 	C:\Program Files\Java\jdk-11.0.3\bin\java.dll
0x00007ffea85b0000 - 0x00007ffea85c6000 	C:\Program Files\Java\jdk-11.0.3\bin\zip.dll
0x00007ffeade10000 - 0x00007ffeade1a000 	C:\Program Files\Java\jdk-11.0.3\bin\jimage.dll

dbghelp: loaded successfully - version: 4.0.5 - missing functions: none
symbol engine: initialized successfully - sym options: 0x614 - pdb path: .;C:\Program Files\Java\jdk-11.0.3\bin;C:\WINDOWS\SYSTEM32;C:\WINDOWS\WinSxS\amd64_microsoft.windows.common-controls_6595b64144ccf1df_6.0.17134.885_none_fb42a3473065565f;C:\Program Files\Java\jdk-11.0.3\bin\server

VM Arguments:
jvm_args: -Dfile.encoding=Cp1252 
java_command: course.Program
java_class_path (initial): C:\Users\User\Desktop\java completo udemy\projetos em java\course\bin
Launcher Type: SUN_STANDARD

[Global flags]
     intx CICompilerCount                          = 3                                         {product} {ergonomic}
     uint ConcGCThreads                            = 1                                         {product} {ergonomic}
     uint G1ConcRefinementThreads                  = 4                                         {product} {ergonomic}
   size_t G1HeapRegionSize                         = 1048576                                   {product} {ergonomic}
    uintx GCDrainStackTargetSize                   = 64                                        {product} {ergonomic}
   size_t InitialHeapSize                          = 134217728                                 {product} {ergonomic}
   size_t MarkStackSize                            = 4194304                                   {product} {ergonomic}
   size_t MaxHeapSize                              = 2120220672                                {product} {ergonomic}
   size_t MinHeapDeltaBytes                        = 1048576                                   {product} {ergonomic}
    uintx NonNMethodCodeHeapSize                   = 5830092                                {pd product} {ergonomic}
    uintx NonProfiledCodeHeapSize                  = 122914074                              {pd product} {ergonomic}
    uintx ProfiledCodeHeapSize                     = 122914074                              {pd product} {ergonomic}
    uintx ReservedCodeCacheSize                    = 251658240                              {pd product} {ergonomic}
     bool SegmentedCodeCache                       = true                                      {product} {ergonomic}
     bool UseCompressedClassPointers               = true                                 {lp64_product} {ergonomic}
     bool UseCompressedOops                        = true                                 {lp64_product} {ergonomic}
     bool UseG1GC                                  = true                                      {product} {ergonomic}
     bool UseLargePagesIndividualAllocation        = false                                  {pd product} {ergonomic}

Logging:
Log output configuration:
 #0: stdout all=warning uptime,level,tags
 #1: stderr all=off uptime,level,tags

Environment Variables:
JAVA_HOME=C:\Program Files\Java\jdk-11.0.3
PATH=C:/Program Files/Java/jdk-11.0.3/bin/server;C:/Program Files/Java/jdk-11.0.3/bin;C:\ProgramData\Oracle\Java\javapath\java;C:\Program Files (x86)\Intel\iCLS Client\;C:\Program Files\Intel\iCLS Client\;C:\WINDOWS\system32;C:\WINDOWS;C:\WINDOWS\System32\Wbem;C:\WINDOWS\System32\WindowsPowerShell\v1.0\;C:\Program Files (x86)\Intel\Intel(R) Management Engine Components\DAL;C:\Program Files\Intel\Intel(R) Management Engine Components\DAL;C:\Program Files (x86)\Intel\Intel(R) Management Engine Components\IPT;C:\Program Files\Intel\Intel(R) Management Engine Components\IPT;C:\Program Files\Intel\WiFi\bin\;C:\Program Files\Common Files\Intel\WirelessCommon\;C:\WINDOWS\System32\OpenSSH\;C:\Program Files (x86)\Brackets\command;C:\Program Files\Java\jdk-11.0.3\bin;C:\Users\User\AppData\Local\Microsoft\WindowsApps;C:\Users\User\AppData\Roaming\Dashlane\6.1911.1.18939\bin\Firefox_Extension\{442718d9-475e-452a-b3e1-fb1ee16b8e9f}\components;C:\Users\User\AppData\Roaming\Dashlane\6.1911.1.18939\ucrt;C:\Users\User\AppData\Roaming\Dashlane\6.1911.1.18939\bin\Qt;C:\Users\User\AppData\Roaming\Dashlane\6.1911.1.18939\bin\Ssl;C:\xampp2\mysql\bin;C:\Program Files\Java\jdk-11.0.3\bin;;C:\eclipse;
USERNAME=Carera Love
OS=Windows_NT
PROCESSOR_IDENTIFIER=Intel64 Family 6 Model 142 Stepping 9, GenuineIntel



---------------  S Y S T E M  ---------------

OS: Windows 10 , 64 bit Build 17134 (10.0.17134.753)

CPU:total 4 (initial active 4) (2 cores per cpu, 2 threads per core) family 6 model 142 stepping 9, cmov, cx8, fxsr, mmx, sse, sse2, sse3, ssse3, sse4.1, sse4.2, popcnt, avx, avx2, aes, clmul, erms, 3dnowpref, lzcnt, ht, tsc, tscinvbit, bmi1, bmi2, adx, fma

Memory: 4k page, system-wide physical 8081M (2397M free)
TotalPageFile size 8081M (AvailPageFile size 119M)
current process WorkingSet (physical memory assigned to process): 9M, peak: 9M
current process commit charge ("private bytes"): 51M, peak: 179M

vm_info: Java HotSpot(TM) 64-Bit Server VM (11.0.3+12-LTS) for windows-amd64 JRE (11.0.3+12-LTS), built on Apr  2 2019 12:43:09 by "mach5one" with MS VC++ 15.5 (VS2017)

END.
